{
  "paper": "HigEPnWgLQ",
  "official_commit": "5e174a13e35cf03c57167c7c333193bd48745a93",
  "claim1_greedy_optimality": {
    "frontier_budget_cases": 1881,
    "allocations_enumerated": 72609,
    "max_oracle_gap": 8.881784197001252e-16,
    "max_marginal_identity_error": 8.881784197001252e-16
  },
  "claim2_population_dp": {
    "rows": [
      {
        "budget": 4,
        "states_checked": 25,
        "actions_checked": 56,
        "official_seconds": 0.09506130195222795,
        "oracle_seconds": 0.00113374600186944,
        "max_state_error": 0.0,
        "terminal_value": 2.4
      },
      {
        "budget": 6,
        "states_checked": 49,
        "actions_checked": 162,
        "official_seconds": 0.11923756101168692,
        "oracle_seconds": 0.0033371509052813053,
        "max_state_error": 0.0,
        "terminal_value": 3.5999999999999996
      },
      {
        "budget": 8,
        "states_checked": 81,
        "actions_checked": 352,
        "official_seconds": 0.17919399798847735,
        "oracle_seconds": 0.0076186200603842735,
        "max_state_error": 0.0,
        "terminal_value": 4.8
      },
      {
        "budget": 10,
        "states_checked": 121,
        "actions_checked": 650,
        "official_seconds": 0.28823838103562593,
        "oracle_seconds": 0.0145091088488698,
        "max_state_error": 0.0,
        "terminal_value": 6.0
      },
      {
        "budget": 12,
        "states_checked": 169,
        "actions_checked": 1080,
        "official_seconds": 0.4562285409774631,
        "oracle_seconds": 0.026913859881460667,
        "max_state_error": 0.0,
        "terminal_value": 7.199999999999999
      },
      {
        "budget": 16,
        "states_checked": 289,
        "actions_checked": 2432,
        "official_seconds": 1.014749809866771,
        "oracle_seconds": 0.06488542584702373,
        "max_state_error": 8.881784197001252e-16,
        "terminal_value": 9.6
      },
      {
        "budget": 20,
        "states_checked": 441,
        "actions_checked": 4600,
        "official_seconds": 2.012212269939482,
        "oracle_seconds": 0.14096262189559639,
        "max_state_error": 1.7763568394002505e-15,
        "terminal_value": 12.0
      }
    ],
    "max_state_error": 1.7763568394002505e-15,
    "largest_budget": 20
  },
  "claim3_robustness": {
    "single_round": {
      "random_cases": 1500,
      "max_bound_violation": -0.004627134808053962,
      "tight_cases": [
        {
          "budget": 1,
          "loss": 0.30000000000000004,
          "bound": 0.30000000000000004
        },
        {
          "budget": 2,
          "loss": 0.6000000000000001,
          "bound": 0.6000000000000001
        },
        {
          "budget": 3,
          "loss": 0.9000000000000004,
          "bound": 0.9000000000000001
        },
        {
          "budget": 5,
          "loss": 1.5,
          "bound": 1.5000000000000002
        },
        {
          "budget": 8,
          "loss": 2.4000000000000004,
          "bound": 2.4000000000000004
        },
        {
          "budget": 13,
          "loss": 3.900000000000002,
          "bound": 3.8999999999999995
        }
      ],
      "max_tightness_error": 2.6645352591003757e-15
    },
    "multi_round": {
      "cases": {
        "heterogeneous_exact_models": {
          "lhs_suboptimality": 0.004329937500000103,
          "rhs_bound": 41.99999999999998,
          "terms": {
            "frontier": 0.0,
            "population": 0.0,
            "heterogeneity": 41.99999999999998
          }
        },
        "homogeneous_zero_bound": {
          "lhs_suboptimality": 0.0,
          "rhs_bound": 0.0,
          "terms": {
            "frontier": 0.0,
            "population": 0.0,
            "heterogeneity": 0.0
          }
        },
        "noisy_models": {
          "lhs_suboptimality": 0.38910442372275034,
          "rhs_bound": 49.8331641754494,
          "terms": {
            "frontier": 7.431118164388965,
            "population": 4.182046011060449,
            "heterogeneity": 38.219999999999985
          }
        }
      },
      "max_bound_violation": 0.0
    }
  }
}
